Log file open, 12/24/18 13:32:33
LogWindows: Failed to load 'aqProf.dll' (GetLastError=126)
LogWindows: File 'aqProf.dll' does not exist
LogWindows: Failed to load 'VSPerf140.dll' (GetLastError=126)
LogWindows: File 'VSPerf140.dll' does not exist
LogWindows: Failed to load 'VtuneApi.dll' (GetLastError=126)
LogWindows: File 'VtuneApi.dll' does not exist
LogWindows: Failed to load 'VtuneApi32e.dll' (GetLastError=126)
LogWindows: File 'VtuneApi32e.dll' does not exist
LogInit: Display: Running engine for game: Pang3D
LogPlatformFile: Not using cached read wrapper
LogTaskGraph: Started task graph with 5 named threads and 14 total threads with 3 sets of task threads.
LogStats: Stats thread started at 0.202604
LogD3D11RHI: Loaded GFSDK_Aftermath_Lib.x64.dll
LogICUInternationalization: Display: ICU TimeZone Detection - Raw Offset: +1:00, Platform Override: ''
LogPluginManager: Mounting plugin Paper2D
LogPluginManager: Mounting plugin AISupport
LogPluginManager: Mounting plugin LightPropagationVolume
LogPluginManager: Mounting plugin CLionSourceCodeAccess
LogPluginManager: Mounting plugin CodeLiteSourceCodeAccess
LogPluginManager: Mounting plugin GitSourceControl
LogPluginManager: Mounting plugin KDevelopSourceCodeAccess
LogPluginManager: Mounting plugin NullSourceCodeAccess
LogPluginManager: Mounting plugin PerforceSourceControl
LogPluginManager: Mounting plugin SubversionSourceControl
LogPluginManager: Mounting plugin UObjectPlugin
LogPluginManager: Mounting plugin VisualStudioCodeSourceCodeAccess
LogPluginManager: Mounting plugin VisualStudioSourceCodeAccess
LogPluginManager: Mounting plugin XCodeSourceCodeAccess
LogPluginManager: Mounting plugin AssetManagerEditor
LogPluginManager: Mounting plugin CryptoKeys
LogPluginManager: Mounting plugin DataValidation
LogPluginManager: Mounting plugin FacialAnimation
LogPluginManager: Mounting plugin GameplayTagsEditor
LogPluginManager: Mounting plugin MacGraphicsSwitching
LogPluginManager: Mounting plugin MeshEditor
LogPluginManager: Mounting plugin MobileLauncherProfileWizard
LogPluginManager: Mounting plugin PluginBrowser
LogPluginManager: Mounting plugin SpeedTreeImporter
LogPluginManager: Mounting plugin DatasmithContent
LogPluginManager: Mounting plugin AlembicImporter
LogPluginManager: Mounting plugin AppleImageUtils
LogPluginManager: Mounting plugin AppleVision
LogPluginManager: Mounting plugin BackChannel
LogPluginManager: Mounting plugin CharacterAI
LogPluginManager: Mounting plugin GeometryCache
LogPluginManager: Mounting plugin HTML5Networking
LogPluginManager: Mounting plugin ProxyLODPlugin
LogPluginManager: Mounting plugin MagicLeap
LogPluginManager: Mounting plugin MagicLeapEmulator
LogPluginManager: Mounting plugin MagicLeapMedia
LogPluginManager: Mounting plugin AndroidMedia
LogPluginManager: Mounting plugin AvfMedia
LogPluginManager: Mounting plugin ImgMedia
LogPluginManager: Mounting plugin LinearTimecode
LogPluginManager: Mounting plugin MediaCompositing
LogPluginManager: Mounting plugin MediaPlayerEditor
LogPluginManager: Mounting plugin WmfMedia
LogPluginManager: Mounting plugin TcpMessaging
LogPluginManager: Mounting plugin UdpMessaging
LogPluginManager: Mounting plugin ActorSequence
LogPluginManager: Mounting plugin LevelSequenceEditor
LogPluginManager: Mounting plugin MatineeToLevelSequence
LogPluginManager: Mounting plugin NetcodeUnitTest
LogPluginManager: Mounting plugin NUTUnrealEngine4
LogPluginManager: Mounting plugin OnlineSubsystemGooglePlay
LogPluginManager: Mounting plugin OnlineSubsystemIOS
LogPluginManager: Mounting plugin OnlineSubsystem
LogPluginManager: Mounting plugin OnlineSubsystemNull
LogPluginManager: Mounting plugin OnlineSubsystemUtils
LogPluginManager: Mounting plugin LauncherChunkInstaller
LogPluginManager: Mounting plugin AndroidDeviceProfileSelector
LogPluginManager: Mounting plugin AndroidMoviePlayer
LogPluginManager: Mounting plugin AndroidPermission
LogPluginManager: Mounting plugin AppleMoviePlayer
LogPluginManager: Mounting plugin ArchVisCharacter
LogPluginManager: Mounting plugin AudioCapture
LogPluginManager: Mounting plugin CableComponent
LogPluginManager: Mounting plugin CustomMeshComponent
LogPluginManager: Mounting plugin EditableMesh
LogPluginManager: Mounting plugin ExampleDeviceProfileSelector
LogPluginManager: Mounting plugin GoogleCloudMessaging
LogPluginManager: Mounting plugin ImmediatePhysics
LogPluginManager: Mounting plugin IOSDeviceProfileSelector
LogPluginManager: Mounting plugin LinuxDeviceProfileSelector
LogPluginManager: Mounting plugin LocationServicesBPLibrary
LogPluginManager: Mounting plugin MobilePatchingUtils
LogPluginManager: Mounting plugin OculusVR
LogPluginManager: Plugin shader directory ../../../Engine/Plugins/Runtime/Oculus/OculusVR/Shaders found
LogPluginManager: Mapping shader source directory ../../../Engine/Plugins/Runtime/Oculus/OculusVR/Shaders to virtual directory /Plugin/OculusVR
LogPluginManager: Mounting plugin PhysXVehicles
LogPluginManager: Mounting plugin ProceduralMeshComponent
LogPluginManager: Mounting plugin RuntimePhysXCooking
LogPluginManager: Mounting plugin SteamVR
LogPluginManager: Mounting plugin WindowsMoviePlayer
LogStreaming: Display: Took  0.130s to configure plugins.
LogInit: Using libcurl 7.55.1-DEV
LogInit:  - built for x86_64-pc-win32
LogInit:  - supports SSL with OpenSSL/1.0.2h
LogInit:  - supports HTTP deflate (compression) using libz 1.2.8
LogInit:  - other features:
LogInit:      CURL_VERSION_SSL
LogInit:      CURL_VERSION_LIBZ
LogInit:      CURL_VERSION_IPV6
LogInit:      CURL_VERSION_ASYNCHDNS
LogInit:      CURL_VERSION_LARGEFILE
LogInit:      CURL_VERSION_IDN
LogInit:  CurlRequestOptions (configurable via config and command line):
LogInit:  - bVerifyPeer = false  - Libcurl will NOT verify peer certificate
LogInit:  - bUseHttpProxy = false  - Libcurl will NOT use HTTP proxy
LogInit:  - bDontReuseConnections = false  - Libcurl will reuse connections
LogInit:  - CertBundlePath = nullptr  - Libcurl will use whatever was configured at build time.
LogInit:  - MaxHostConnections = 16  - Libcurl will limit the number of connections to a host
LogInit:  - LocalHostAddr = Default
LogInit:  - BufferSize = 65536
LogInit: WinSock: version 1.1 (2.2), MaxSocks=32767, MaxUdp=65467
LogInit: Build: ++UE4+Release-4.20-CL-4369336
LogInit: Engine Version: 4.20.3-4369336+++UE4+Release-4.20
LogInit: Compatible Engine Version: 4.20.0-4212847+++UE4+Release-4.20
LogInit: Net CL: 4212847
LogInit: OS: Windows 10 (), CPU: Intel(R) Core(TM) i5-4460  CPU @ 3.20GHz, GPU: NVIDIA GeForce GTX 1060 6GB
LogInit: Compiled (64-bit): Sep 17 2018 12:26:19
LogInit: Compiled with Visual C++: 19.13.26129.00
LogInit: Build Configuration: Development
LogInit: Branch Name: ++UE4+Release-4.20
LogInit: Command Line:  
LogInit: Base Directory: D:/GameLibraries/Epic/UE_4.20/Engine/Binaries/Win64/
LogInit: Installed Engine Build: 1
LogDevObjectVersion: Number of dev versions registered: 20
LogDevObjectVersion:   Dev-Blueprints (B0D832E4-1F89-4F0D-ACCF-7EB736FD4AA2): 10
LogDevObjectVersion:   Dev-Build (E1C64328-A22C-4D53-A36C-8E866417BD8C): 0
LogDevObjectVersion:   Dev-Core (375EC13C-06E4-48FB-B500-84F0262A717E): 2
LogDevObjectVersion:   Dev-Editor (E4B068ED-F494-42E9-A231-DA0B2E46BB41): 24
LogDevObjectVersion:   Dev-Framework (CFFC743F-43B0-4480-9391-14DF171D2073): 34
LogDevObjectVersion:   Dev-Mobile (B02B49B5-BB20-44E9-A304-32B752E40360): 2
LogDevObjectVersion:   Dev-Networking (A4E4105C-59A1-49B5-A7C5-40C4547EDFEE): 0
LogDevObjectVersion:   Dev-Online (39C831C9-5AE6-47DC-9A44-9C173E1C8E7C): 0
LogDevObjectVersion:   Dev-Physics (78F01B33-EBEA-4F98-B9B4-84EACCB95AA2): 0
LogDevObjectVersion:   Dev-Platform (6631380F-2D4D-43E0-8009-CF276956A95A): 0
LogDevObjectVersion:   Dev-Rendering (12F88B9F-8875-4AFC-A67C-D90C383ABD29): 26
LogDevObjectVersion:   Dev-Sequencer (7B5AE74C-D270-4C10-A958-57980B212A5A): 9
LogDevObjectVersion:   Dev-VR (D7296918-1DD6-4BDD-9DE2-64A83CC13884): 2
LogDevObjectVersion:   Dev-LoadTimes (C2A15278-BFE7-4AFE-6C17-90FF531DF755): 1
LogDevObjectVersion:   Private-Geometry (6EACA3D4-40EC-4CC1-B786-8BED09428FC5): 3
LogDevObjectVersion:   Dev-AnimPhys (29E575DD-E0A3-4627-9D10-D276232CDCEA): 17
LogDevObjectVersion:   Dev-ReflectionCapture (6B266CEC-1EC7-4B8F-A30B-E4D90942FC07): 1
LogDevObjectVersion:   Dev-Automation (0DF73D61-A23F-47EA-B727-89E90C41499A): 1
LogDevObjectVersion:   FortniteMain (601D1886-AC64-4F84-AA16-D3DE0DEAC7D6): 12
LogDevObjectVersion:   Dev-Enterprise (9DFFBCD6-494F-0158-E221-12823C92A888): 1
LogStreaming: Display: Took  0.001s to delete old logs.
LogInit: Presizing for max 8388607 objects, including 0 objects not considered by GC, pre-allocating 0 bytes for permanent pool.
LogInit: Object subsystem initialized
[2018.12.24-12.32.34:267][  0]LogInit: Selected Device Profile: [Windows]
[2018.12.24-12.32.34:267][  0]LogInit: Applying CVar settings loaded from the selected device profile: [Windows]
[2018.12.24-12.32.34:281][  0]LogHAL: Display: Platform has ~ 16 GB [17038483456 / 17179869184 / 16], which maps to Larger [LargestMinGB=32, LargerMinGB=12, DefaultMinGB=8, SmallerMinGB=6, SmallestMinGB=0)
[2018.12.24-12.32.34:281][  0]LogInit: Setting Device Profile CVar: [[r.Vulkan.UseRealUBs:1]]
[2018.12.24-12.32.34:281][  0]LogInit: Going up to parent DeviceProfile []
[2018.12.24-12.32.34:281][  0]LogInit: Computer: DESKTOP-B06L2N8
[2018.12.24-12.32.34:281][  0]LogInit: User: alber
[2018.12.24-12.32.34:281][  0]LogInit: CPU Page size=4096, Cores=4
[2018.12.24-12.32.34:281][  0]LogInit: High frequency timer resolution =3.124998 MHz
[2018.12.24-12.32.34:281][  0]LogMemory: Memory total: Physical=15.9GB (16GB approx)
[2018.12.24-12.32.34:281][  0]LogMemory: Platform Memory Stats for Windows
[2018.12.24-12.32.34:281][  0]LogMemory: Process Physical Memory: 101.06 MB used, 101.06 MB peak
[2018.12.24-12.32.34:281][  0]LogMemory: Process Virtual Memory: 92.38 MB used, 92.38 MB peak
[2018.12.24-12.32.34:281][  0]LogMemory: Physical Memory: 6336.76 MB used,  9912.40 MB free, 16249.16 MB total
[2018.12.24-12.32.34:281][  0]LogMemory: Virtual Memory: 4628.62 MB used,  9912.40 MB free, 134217728.00 MB total
[2018.12.24-12.32.34:309][  0]LogInit: Overriding language with editor language configuration option (en).
[2018.12.24-12.32.34:309][  0]LogInit: Overriding locale with editor locale configuration option (en).
[2018.12.24-12.32.34:748][  0]LogStreaming: Display: Took  0.439s to InitEngineTextLocalization.
[2018.12.24-12.32.34:748][  0]LogInit: Setting process to per monitor DPI aware
[2018.12.24-12.32.34:786][  0]LogSlate: New Slate User Created.  User Index 0, Is Virtual User: 0
[2018.12.24-12.32.34:786][  0]LogSlate: Slate User Registered.  User Index 0, Is Virtual User: 0
[2018.12.24-12.32.35:001][  0]LogHMD: Failed to initialize OpenVR with code 110
[2018.12.24-12.32.35:001][  0]LogD3D11RHI: D3D11 adapters:
[2018.12.24-12.32.35:107][  0]LogD3D11RHI:    0. 'NVIDIA GeForce GTX 1060 6GB' (Feature Level 11_0)
[2018.12.24-12.32.35:107][  0]LogD3D11RHI:       6052/0/8124 MB DedicatedVideo/DedicatedSystem/SharedSystem, Outputs:2, VendorId:0x10de
[2018.12.24-12.32.35:117][  0]LogD3D11RHI:    1. 'Intel(R) HD Graphics 4600' (Feature Level 11_0)
[2018.12.24-12.32.35:117][  0]LogD3D11RHI:       112/0/2048 MB DedicatedVideo/DedicatedSystem/SharedSystem, Outputs:0, VendorId:0x8086
[2018.12.24-12.32.35:120][  0]LogD3D11RHI:    2. 'Microsoft Basic Render Driver' (Feature Level 11_0)
[2018.12.24-12.32.35:121][  0]LogD3D11RHI:       0/0/8124 MB DedicatedVideo/DedicatedSystem/SharedSystem, Outputs:0, VendorId:0x1414
[2018.12.24-12.32.35:121][  0]LogD3D11RHI: Chosen D3D11 Adapter: 0
[2018.12.24-12.32.35:130][  0]LogD3D11RHI: Creating new Direct3DDevice
[2018.12.24-12.32.35:130][  0]LogD3D11RHI:     GPU DeviceId: 0x1c03 (for the marketing name, search the web for "GPU Device Id")
[2018.12.24-12.32.35:130][  0]LogWindows: EnumDisplayDevices:
[2018.12.24-12.32.35:130][  0]LogWindows:    0. 'NVIDIA GeForce GTX 1060 6GB' (P:1 D:1)
[2018.12.24-12.32.35:130][  0]LogWindows:    1. 'NVIDIA GeForce GTX 1060 6GB' (P:0 D:1)
[2018.12.24-12.32.35:131][  0]LogWindows:    2. 'NVIDIA GeForce GTX 1060 6GB' (P:0 D:0)
[2018.12.24-12.32.35:131][  0]LogWindows:    3. 'NVIDIA GeForce GTX 1060 6GB' (P:0 D:0)
[2018.12.24-12.32.35:132][  0]LogWindows:    4. 'Intel(R) HD Graphics 4600' (P:0 D:0)
[2018.12.24-12.32.35:132][  0]LogWindows:    5. 'Intel(R) HD Graphics 4600' (P:0 D:0)
[2018.12.24-12.32.35:133][  0]LogWindows:    6. 'Intel(R) HD Graphics 4600' (P:0 D:0)
[2018.12.24-12.32.35:133][  0]LogWindows: DebugString: PrimaryIsNotTheChoosenAdapter PrimaryIsNotTheChoosenAdapter PrimaryIsNotTheChoosenAdapter FoundDriverCount:4 
[2018.12.24-12.32.35:133][  0]LogD3D11RHI:     Adapter Name: NVIDIA GeForce GTX 1060 6GB
[2018.12.24-12.32.35:133][  0]LogD3D11RHI:   Driver Version: 417.22 (internal:25.21.14.1722, unified:417.22)
[2018.12.24-12.32.35:133][  0]LogD3D11RHI:      Driver Date: 11-29-2018
[2018.12.24-12.32.35:133][  0]LogRHI: Texture pool is 4236 MB (70% of 6052 MB)
[2018.12.24-12.32.35:185][  0]LogD3D11RHI: Async texture creation enabled
[2018.12.24-12.32.35:229][  0]LogD3D11RHI: GPU Timing Frequency: 1000.000000 (Debug: 2 2)
[2018.12.24-12.32.35:279][  0]LogD3D11RHI: HDR output is supported on display 0 (NvId: 0x80061082).
[2018.12.24-12.32.35:279][  0]LogShaderCompilers: Guid format shader working directory is 10 characters bigger than the processId version (../../../../../../git/UE4Pang/Pang3D/Intermediate/Shaders/WorkingDirectory/6256/).
[2018.12.24-12.32.35:279][  0]LogShaderCompilers: Cleaned the shader compiler working directory 'C:/Users/alber/AppData/Local/Temp/UnrealShaderWorkingDir/D77902D84ACE525A6F63B7932A057DD0/'.
[2018.12.24-12.32.35:597][  0]LogTemp: Display: Loaded TP AllDesktopTargetPlatform
[2018.12.24-12.32.35:611][  0]LogTemp: Display: Loaded TP MacClientTargetPlatform
[2018.12.24-12.32.35:625][  0]LogTemp: Display: Loaded TP MacNoEditorTargetPlatform
[2018.12.24-12.32.35:638][  0]LogTemp: Display: Loaded TP MacServerTargetPlatform
[2018.12.24-12.32.35:652][  0]LogTemp: Display: Loaded TP MacTargetPlatform
[2018.12.24-12.32.35:666][  0]LogTemp: Display: Loaded TP WindowsClientTargetPlatform
[2018.12.24-12.32.35:680][  0]LogTemp: Display: Loaded TP WindowsNoEditorTargetPlatform
[2018.12.24-12.32.35:694][  0]LogTemp: Display: Loaded TP WindowsServerTargetPlatform
[2018.12.24-12.32.35:700][  0]LogTemp: Display: Loaded TP WindowsTargetPlatform
[2018.12.24-12.32.35:782][  0]LogTemp: Display: Loaded TP AndroidTargetPlatform
[2018.12.24-12.32.35:782][  0]LogTemp: Display: Loaded TP AndroidTargetPlatform
[2018.12.24-12.32.35:782][  0]LogTemp: Display: Loaded TP AndroidTargetPlatform
[2018.12.24-12.32.35:782][  0]LogTemp: Display: Loaded TP AndroidTargetPlatform
[2018.12.24-12.32.35:782][  0]LogTemp: Display: Loaded TP AndroidTargetPlatform
[2018.12.24-12.32.35:782][  0]LogTemp: Display: Loaded TP AndroidTargetPlatform
[2018.12.24-12.32.35:782][  0]LogTemp: Display: Loaded TP AndroidTargetPlatform
[2018.12.24-12.32.35:782][  0]LogTemp: Display: Loaded TP AndroidTargetPlatform
[2018.12.24-12.32.35:782][  0]LogTemp: Display: Loaded TP AndroidTargetPlatform
[2018.12.24-12.32.35:782][  0]LogTemp: Display: Loaded TP AndroidTargetPlatform
[2018.12.24-12.32.35:782][  0]LogTemp: Display: Loaded TP AndroidTargetPlatform
[2018.12.24-12.32.35:782][  0]LogTemp: Display: Loaded TP AndroidTargetPlatform
[2018.12.24-12.32.35:782][  0]LogTemp: Display: Loaded TP AndroidTargetPlatform
[2018.12.24-12.32.35:782][  0]LogTemp: Display: Loaded TP AndroidTargetPlatform
[2018.12.24-12.32.35:782][  0]LogTemp: Display: Loaded TP AndroidTargetPlatform
[2018.12.24-12.32.35:782][  0]LogTemp: Display: Loaded TP AndroidTargetPlatform
[2018.12.24-12.32.35:782][  0]LogTemp: Display: Loaded TP AndroidTargetPlatform
[2018.12.24-12.32.35:782][  0]LogTemp: Display: Loaded TP AndroidTargetPlatform
[2018.12.24-12.32.35:784][  0]LogTemp: Display: Loaded TP HTML5TargetPlatform
[2018.12.24-12.32.35:846][  0]LogTemp: Display: Loaded TP IOSTargetPlatform
[2018.12.24-12.32.35:846][  0]LogTemp: Display: Loaded TP IOSTargetPlatform
[2018.12.24-12.32.35:871][  0]LogTemp: Display: Loaded TP TVOSTargetPlatform
[2018.12.24-12.32.35:871][  0]LogTemp: Display: Loaded TP TVOSTargetPlatform
[2018.12.24-12.32.35:885][  0]LogTemp: Display: Loaded TP LinuxClientTargetPlatform
[2018.12.24-12.32.35:898][  0]LogTemp: Display: Loaded TP LinuxNoEditorTargetPlatform
[2018.12.24-12.32.35:912][  0]LogTemp: Display: Loaded TP LinuxServerTargetPlatform
[2018.12.24-12.32.35:926][  0]LogTemp: Display: Loaded TP LinuxTargetPlatform
[2018.12.24-12.32.35:935][  0]LogTemp: Display: Loaded TP LuminTargetPlatform
[2018.12.24-12.32.35:935][  0]LogTargetPlatformManager: Display: Building Assets For Windows
[2018.12.24-12.32.35:995][  0]LogXGEController: Cleaning working directory: C:/Users/alber/AppData/Local/Temp/UnrealXGEWorkingDir/
[2018.12.24-12.32.35:995][  0]LogXGEController: Cannot use XGE Controller as Incredibuild is not installed on this machine.
[2018.12.24-12.32.35:995][  0]LogShaderCompilers: Cannot use XGE Shader Compiler as Incredibuild is not installed on this machine.
[2018.12.24-12.32.35:995][  0]LogShaderCompilers: Display: Using Local Shader Compiler.
[2018.12.24-12.32.36:779][  0]LogDerivedDataCache: Display: Max Cache Size: 512 MB
[2018.12.24-12.32.36:875][  0]LogDerivedDataCache: Loaded boot cache 0.10s 71MB C:/Users/alber/AppData/Local/UnrealEngine/4.20/DerivedDataCache/Boot.ddc.
[2018.12.24-12.32.36:877][  0]LogDerivedDataCache: Display: Loaded Boot cache: C:/Users/alber/AppData/Local/UnrealEngine/4.20/DerivedDataCache/Boot.ddc
[2018.12.24-12.32.36:877][  0]LogDerivedDataCache: FDerivedDataBackendGraph:  Pak pak cache file ../../../../../../git/UE4Pang/Pang3D/DerivedDataCache/DDC.ddp not found, will not use a pak cache.
[2018.12.24-12.32.36:877][  0]LogDerivedDataCache: Unable to find inner node Pak for hierarchical cache Hierarchy.
[2018.12.24-12.32.36:877][  0]LogDerivedDataCache: FDerivedDataBackendGraph:  CompressedPak pak cache file ../../../../../../git/UE4Pang/Pang3D/DerivedDataCache/Compressed.ddp not found, will not use a pak cache.
[2018.12.24-12.32.36:877][  0]LogDerivedDataCache: Unable to find inner node CompressedPak for hierarchical cache Hierarchy.
[2018.12.24-12.32.36:891][  0]LogDerivedDataCache: Display: Pak cache opened for reading ../../../Engine/DerivedDataCache/Compressed.ddp.
[2018.12.24-12.32.36:904][  0]LogDerivedDataCache: Using Local data cache path C:/Users/alber/AppData/Local/UnrealEngine/Common/DerivedDataCache: Writable
[2018.12.24-12.32.36:904][  0]LogDerivedDataCache: Shared data cache path not found in *engine.ini, will not use an Shared cache.
[2018.12.24-12.32.36:904][  0]LogDerivedDataCache: Unable to find inner node Shared for hierarchical cache Hierarchy.
[2018.12.24-12.32.36:926][  0]LogMaterial: Verifying Global Shaders for PCD3D_SM5
[2018.12.24-12.32.36:928][  0]LogSlate: Using FreeType 2.6.0
[2018.12.24-12.32.36:928][  0]LogSlate: SlateFontServices - WITH_FREETYPE: 1, WITH_HARFBUZZ: 1
[2018.12.24-12.32.37:011][  0]LogAssetRegistry: FAssetRegistry took 0.0265 seconds to start up
[2018.12.24-12.32.37:348][  0]LogInit: Selected Device Profile: [Windows]
[2018.12.24-12.32.37:485][  0]LogSimplygon: Simplygon DLL not present - disabling.
[2018.12.24-12.32.37:490][  0]LogMeshReduction: Using SimplygonSwarm for distributed automatic mesh merging
[2018.12.24-12.32.37:490][  0]LogMeshReduction: Using ProxyLODMeshReduction for automatic mesh merging
[2018.12.24-12.32.37:490][  0]LogMeshReduction: Using QuadricMeshReduction for automatic static mesh reduction
[2018.12.24-12.32.37:490][  0]LogMeshReduction: No automatic skeletal mesh reduction module available
[2018.12.24-12.32.37:515][  0]LogNetVersion: Pang3D 1.0.0, NetCL: 4212847, EngineNetVer: 5, GameNetVer: 0 (Checksum: 3544091046)
[2018.12.24-12.32.37:997][  0]LogPackageLocalizationCache: Processed 11 localized package path(s) for 1 prioritized culture(s) in 0.045582 seconds
[2018.12.24-12.32.38:004][  0]LogUObjectArray: 38425 objects as part of root set at end of initial load.
[2018.12.24-12.32.38:004][  0]LogUObjectAllocator: 6690864 out of 0 bytes used by permanent object pool.
[2018.12.24-12.32.38:004][  0]LogUObjectArray: CloseDisregardForGC: 0/0 objects in disregard for GC pool
[2018.12.24-12.32.38:895][  0]LogTcpMessaging: Initializing TcpMessaging bridge
[2018.12.24-12.32.38:909][  0]LogUdpMessaging: Initializing bridge on interface 0.0.0.0:0 to multicast group 230.0.0.1:6666.
[2018.12.24-12.32.39:054][  0]SourceControl: Source control is disabled
[2018.12.24-12.32.39:054][  0]SourceControl: Source control is disabled
[2018.12.24-12.32.39:056][  0]SourceControl: Source control is disabled
[2018.12.24-12.32.39:057][  0]SourceControl: Source control is disabled
[2018.12.24-12.32.39:223][  0]LogAndroidPermission: UAndroidPermissionCallbackProxy::GetInstance
[2018.12.24-12.32.39:376][  0]LogOcInput: OculusInput pre-init called
[2018.12.24-12.32.39:439][  0]LogEngine: Initializing Engine...
[2018.12.24-12.32.39:440][  0]LogHMD: Failed to initialize OpenVR with code 110
[2018.12.24-12.32.39:441][  0]LogStats: UGameplayTagsManager::ConstructGameplayTagTree: ImportINI prefixes -  0.000 s
[2018.12.24-12.32.39:441][  0]LogStats: UGameplayTagsManager::ConstructGameplayTagTree: Construct from data asset -  0.000 s
[2018.12.24-12.32.39:441][  0]LogStats: UGameplayTagsManager::ConstructGameplayTagTree: ImportINI -  0.000 s
[2018.12.24-12.32.39:441][  0]LogStats: UGameplayTagsManager::ConstructGameplayTagTree: GameplayTagTreeChangedEvent.Broadcast -  0.000 s
[2018.12.24-12.32.39:680][  0]LogInit: Initializing FReadOnlyCVARCache
[2018.12.24-12.32.39:691][  0]LogAIModule: Creating AISystem for world Untitled
[2018.12.24-12.32.39:722][  0]LogInit: XAudio2 using 'C24F390 (NVIDIA High Definition Audio)' : 2 channels at 48 kHz using 16 bits per sample (channel mask 0x3)
[2018.12.24-12.32.39:751][  0]LogInit: FAudioDevice initialized.
[2018.12.24-12.32.39:751][  0]LogNetVersion: Set ProjectVersion to 1.0.0.0. Version Checksum will be recalculated on next use.
[2018.12.24-12.32.39:891][  0]LogDerivedDataCache: Saved boot cache 0.14s 71MB C:/Users/alber/AppData/Local/UnrealEngine/4.20/DerivedDataCache/Boot.ddc.
[2018.12.24-12.32.39:911][  0]LogInit: Texture streaming: Enabled
[2018.12.24-12.32.39:927][  0]LogEngineSessionManager: EngineSessionManager initialized
[2018.12.24-12.32.39:927][  0]LogEngineSessionManager: EngineSessionManager sent abnormal shutdown report. Type=Crashed, SessionId={56AD71F0-4108-840F-C43A-459FA2D570CB}
[2018.12.24-12.32.39:941][  0]LogInit: Transaction tracking system initialized
[2018.12.24-12.32.39:961][  0]BlueprintLog: New page: Editor Load
[2018.12.24-12.32.40:032][  0]LocalizationService: Localization service is disabled
[2018.12.24-12.32.40:306][  0]LogCook: Display: Max memory allowance for cook 16384mb min free memory 0mb
[2018.12.24-12.32.40:306][  0]LogCook: Display: Mobile HDR setting 1
[2018.12.24-12.32.40:306][  0]LogGameplayTags: Display: UGameplayTagsManager::DoneAddingNativeTags. DelegateIsBound: 0
[2018.12.24-12.32.40:306][  0]LogStats: UGameplayTagsManager::ConstructGameplayTagTree: ImportINI prefixes -  0.000 s
[2018.12.24-12.32.40:306][  0]LogStats: UGameplayTagsManager::ConstructGameplayTagTree: Construct from data asset -  0.000 s
[2018.12.24-12.32.40:306][  0]LogStats: UGameplayTagsManager::ConstructGameplayTagTree: ImportINI -  0.000 s
[2018.12.24-12.32.40:306][  0]LogStats: UGameplayTagsManager::ConstructGameplayTagTree: GameplayTagTreeChangedEvent.Broadcast -  0.000 s
[2018.12.24-12.32.40:417][  0]LogFileCache: Scanning file cache for directory 'D:/git/UE4Pang/Pang3D/Content/' took 0.01s
[2018.12.24-12.32.40:417][  0]SourceControl: Source control is disabled
[2018.12.24-12.32.40:520][  0]LogWindowsTextInputMethodSystem: Display: IME system now deactivated.
[2018.12.24-12.32.40:522][  0]LogSlate: Took 0.000214 seconds to synchronously load lazily loaded font '../../../Engine/Content/Slate/Fonts/Roboto-Regular.ttf' (155K)
[2018.12.24-12.32.48:628][  0]LogSlate: Window 'Restore Packages' being destroyed
[2018.12.24-12.32.48:678][  0]LogWindowsTextInputMethodSystem: Display: IME system now deactivated.
[2018.12.24-12.32.48:680][  0]LogWindowsTextInputMethodSystem: Display: IME system now deactivated.
[2018.12.24-12.32.48:689][  0]Cmd: MAP LOAD FILE="../../../../../../git/UE4Pang/Pang3D/Content/SideScrollerBP/Maps/SideScrollerExampleMap.umap" TEMPLATE=0 SHOWPROGRESS=1 FEATURELEVEL=3
[2018.12.24-12.32.48:689][  0]LogEditorServer: Warning: Can't find file '../../../../../../git/UE4Pang/Pang3D/Content/SideScrollerBP/Maps/SideScrollerExampleMap.umap'
[2018.12.24-12.32.48:689][  0]Cmd: MAP CHECKDEP NOCLEARLOG
[2018.12.24-12.32.48:765][  0]MapCheck: Map check complete: 0 Error(s), 0 Warning(s), took 75.416ms to complete.
[2018.12.24-12.32.48:765][  0]LogFileHelpers: Loading map 'SideScrollerExampleMap' took 0.076
[2018.12.24-12.32.48:831][  0]LogSlate: Updating window title bar state: overlay mode, drag disabled, window buttons hidden, title bar hidden
[2018.12.24-12.32.48:840][  0]LogSlate: Updating window title bar state: overlay mode, drag disabled, window buttons hidden, title bar hidden
[2018.12.24-12.32.48:849][  0]LogSlate: Updating window title bar state: overlay mode, drag disabled, window buttons hidden, title bar hidden
[2018.12.24-12.32.48:858][  0]LogSlate: Updating window title bar state: overlay mode, drag disabled, window buttons hidden, title bar hidden
[2018.12.24-12.32.48:864][  0]LogCollectionManager: Loaded 0 collections in 0.001380 seconds
[2018.12.24-12.32.48:913][  0]LogFileCache: Scanning file cache for directory 'D:/git/UE4Pang/Pang3D/Saved/Collections/' took 0.01s
[2018.12.24-12.32.48:913][  0]LogFileCache: Scanning file cache for directory 'D:/git/UE4Pang/Pang3D/Content/Developers/alber/Collections/' took 0.01s
[2018.12.24-12.32.48:913][  0]LogFileCache: Scanning file cache for directory 'D:/git/UE4Pang/Pang3D/Content/Collections/' took 0.01s
[2018.12.24-12.32.48:913][  0]LogCollectionManager: Rebuilt the GUID cache for 0 collections in 0.000000 seconds
[2018.12.24-12.32.48:923][  0]LogContentBrowser: Native class hierarchy populated in 0.0099 seconds. Added 2572 classes and 603 folders.
[2018.12.24-12.32.48:929][  0]LogContentBrowser: Native class hierarchy updated for 'WidgetCarousel' in 0.0002 seconds. Added 0 classes and 0 folders.
[2018.12.24-12.32.48:982][  0]LogContentBrowser: Native class hierarchy updated for 'AddContentDialog' in 0.0002 seconds. Added 0 classes and 0 folders.
[2018.12.24-12.32.48:988][  0]LogContentBrowser: Native class hierarchy updated for 'SceneOutliner' in 0.0003 seconds. Added 1 classes and 2 folders.
[2018.12.24-12.32.49:052][  0]LogSlate: Took 0.000217 seconds to synchronously load lazily loaded font '../../../Engine/Content/Slate/Fonts/Roboto-Bold.ttf' (160K)
[2018.12.24-12.32.49:057][  0]LogSlate: Took 0.000211 seconds to synchronously load lazily loaded font '../../../Engine/Content/Editor/Slate/Fonts/FontAwesome.ttf' (139K)
[2018.12.24-12.32.49:108][  0]LogRenderer: Reallocating scene render targets to support 1616x812 Format 10 NumSamples 1 (Frame:1).
[2018.12.24-12.32.49:303][  0]LogContentBrowser: Native class hierarchy updated for 'HierarchicalLODOutliner' in 0.0003 seconds. Added 0 classes and 0 folders.
[2018.12.24-12.32.49:303][  0]LogLoad: (Engine Initialization) Total time: 16.78 seconds
[2018.12.24-12.32.49:303][  0]LogLoad: (Engine Initialization) Total Blueprint compile time: 0.00 seconds
[2018.12.24-12.32.49:334][  0]LogContentStreaming: Texture pool size now 1000 MB
[2018.12.24-12.32.49:377][  1]LogAssetRegistry: Asset discovery search completed in 12.3884 seconds
[2018.12.24-12.32.49:379][  1]LogCollectionManager: Rebuilt the object cache for 0 collections in 0.000000 seconds (found 0 objects)
[2018.12.24-12.32.49:379][  1]LogCollectionManager: Fixed up redirectors for 0 collections in 0.000087 seconds (updated 0 objects)
[2018.12.24-12.32.54:834][635]LogSlate: FSceneViewport::OnFocusLost() reason 0
[2018.12.24-12.32.58:664][ 71]LogSlate: Took 0.000229 seconds to synchronously load lazily loaded font '../../../Engine/Content/Slate/Fonts/Roboto-Light.ttf' (167K)
[2018.12.24-12.32.59:314][ 71]LogAIModule: Creating AISystem for world PangLevel
[2018.12.24-12.32.59:329][ 71]LogAssetEditorManager: Opening Asset editor for World /Game/Pang3DAssets/Levels/PangLevel.PangLevel
[2018.12.24-12.32.59:353][ 71]Cmd: MAP LOAD FILE="../../../../../../git/UE4Pang/Pang3D/Content/Pang3DAssets/Levels/PangLevel.umap" TEMPLATE=0 SHOWPROGRESS=1 FEATURELEVEL=3
[2018.12.24-12.32.59:353][ 71]LightingResults: New page: Lighting Build
[2018.12.24-12.32.59:356][ 71]LogContentBrowser: Native class hierarchy updated for 'StatsViewer' in 0.0003 seconds. Added 5 classes and 0 folders.
[2018.12.24-12.32.59:356][ 71]LoadErrors: New page: Loading map: PangLevel.umap
[2018.12.24-12.32.59:357][ 71]MapCheck: New page: Map Check
[2018.12.24-12.32.59:357][ 71]LightingResults: New page: Lighting Build
[2018.12.24-12.32.59:456][ 71]LogEditorServer: Finished looking for orphan Actors (0.000 secs)
[2018.12.24-12.32.59:511][ 71]Cmd: MAP CHECKDEP NOCLEARLOG
[2018.12.24-12.32.59:585][ 71]MapCheck: Map check complete: 0 Error(s), 0 Warning(s), took 74.532ms to complete.
[2018.12.24-12.32.59:587][ 71]LogFileHelpers: Loading map 'PangLevel' took 0.234
[2018.12.24-12.33.01:130][224]LogTemp: Repeating last play command: Selected Viewport
[2018.12.24-12.33.01:150][224]LogBlueprintUserMessages: Early PlayInEditor Detection: Level '/Game/Pang3DAssets/Levels/PangLevel.PangLevel:PersistentLevel' has LevelScriptBlueprint '/Game/Pang3DAssets/Levels/PangLevel.PangLevel:PersistentLevel.PangLevel' with GeneratedClass '/Game/Pang3DAssets/Levels/PangLevel.PangLevel_C' with ClassGeneratedBy '/Game/Pang3DAssets/Levels/PangLevel.PangLevel:PersistentLevel.PangLevel'
[2018.12.24-12.33.01:150][224]LogPlayLevel: PlayLevel: No blueprints needed recompiling
[2018.12.24-12.33.01:163][224]PIE: New page: PIE session: PangLevel (Dec 24, 2018, 2:33:01 PM)
[2018.12.24-12.33.01:163][224]LogPlayLevel: Creating play world package: /Game/Pang3DAssets/Levels/UEDPIE_0_PangLevel
[2018.12.24-12.33.01:192][224]LogPlayLevel: PIE: StaticDuplicateObject took: (0.028817s)
[2018.12.24-12.33.01:193][224]LogAIModule: Creating AISystem for world PangLevel
[2018.12.24-12.33.01:193][224]LogPlayLevel: PIE: World Init took: (0.000962s)
[2018.12.24-12.33.01:193][224]LogPlayLevel: PIE: Created PIE world by copying editor world from /Game/Pang3DAssets/Levels/PangLevel.PangLevel to /Game/Pang3DAssets/Levels/UEDPIE_0_PangLevel.PangLevel (0.030021s)
[2018.12.24-12.33.01:233][224]LogInit: XAudio2 using 'C24F390 (NVIDIA High Definition Audio)' : 2 channels at 48 kHz using 16 bits per sample (channel mask 0x3)
[2018.12.24-12.33.01:244][224]LogInit: FAudioDevice initialized.
[2018.12.24-12.33.01:289][224]LogLoad: Game class is 'PangGameMode_C'
[2018.12.24-12.33.01:292][224]LogWorld: Bringing World /Game/Pang3DAssets/Levels/UEDPIE_0_PangLevel.PangLevel up for play (max tick rate 0) at 2018.12.24-13.33.01
[2018.12.24-12.33.01:293][224]LogWorld: Bringing up level for play took: 0.001778
[2018.12.24-12.33.01:310][224]LogContentBrowser: Native class hierarchy updated for 'MovieSceneCapture' in 0.0004 seconds. Added 10 classes and 0 folders.
[2018.12.24-12.33.01:312][224]PIE: Play in editor start time for /Game/Pang3DAssets/Levels/UEDPIE_0_PangLevel 0.127
[2018.12.24-12.33.01:312][224]LogBlueprintUserMessages: Late PlayInEditor Detection: Level '/Game/Pang3DAssets/Levels/PangLevel.PangLevel:PersistentLevel' has LevelScriptBlueprint '/Game/Pang3DAssets/Levels/PangLevel.PangLevel:PersistentLevel.PangLevel' with GeneratedClass '/Game/Pang3DAssets/Levels/PangLevel.PangLevel_C' with ClassGeneratedBy '/Game/Pang3DAssets/Levels/PangLevel.PangLevel:PersistentLevel.PangLevel'
[2018.12.24-12.33.02:076][310]LogBlueprintUserMessages: [Ball_C_0] Ball_C_0.Sphere Sphere: Pillar1
[2018.12.24-12.33.02:076][310]LogScript: Warning: Script Msg: Divide by zero detected: 0.000000 / 0
Script call stack:
	Function /Game/Pang3DAssets/Blueprints/Ball.Ball_C:ReceiveHit
	Function /Game/Pang3DAssets/Blueprints/Ball.Ball_C:ExecuteUbergraph_Ball
	Function /Game/Pang3DAssets/Blueprints/Ball.Ball_C:AddBallImpulse

[2018.12.24-12.33.02:683][383]LogBlueprintUserMessages: Early EndPlayMap Detection: Level '/Game/Pang3DAssets/Levels/PangLevel.PangLevel:PersistentLevel' has LevelScriptBlueprint '/Game/Pang3DAssets/Levels/PangLevel.PangLevel:PersistentLevel.PangLevel' with GeneratedClass '/Game/Pang3DAssets/Levels/PangLevel.PangLevel_C' with ClassGeneratedBy '/Game/Pang3DAssets/Levels/PangLevel.PangLevel:PersistentLevel.PangLevel'
[2018.12.24-12.33.02:684][383]LogSlate: Updating window title bar state: overlay mode, drag disabled, window buttons hidden, title bar hidden
[2018.12.24-12.33.02:716][383]LogPlayLevel: Display: Shutting down PIE online subsystems
[2018.12.24-12.33.02:717][383]LogBlueprintUserMessages: Late EndPlayMap Detection: Level '/Game/Pang3DAssets/Levels/PangLevel.PangLevel:PersistentLevel' has LevelScriptBlueprint '/Game/Pang3DAssets/Levels/PangLevel.PangLevel:PersistentLevel.PangLevel' with GeneratedClass '/Game/Pang3DAssets/Levels/PangLevel.PangLevel_C' with ClassGeneratedBy '/Game/Pang3DAssets/Levels/PangLevel.PangLevel:PersistentLevel.PangLevel'
[2018.12.24-12.33.02:741][383]LogSlate: Updating window title bar state: overlay mode, drag disabled, window buttons hidden, title bar hidden
[2018.12.24-12.33.02:791][387]LogPlayLevel: Display: Destroying online subsystem :Context_1
[2018.12.24-12.33.11:841][446]LogAssetEditorManager: Opening Asset editor for Blueprint /Game/SideScrollerBP/Blueprints/PangGameMode.PangGameMode
[2018.12.24-12.33.12:385][446]LogContentBrowser: Native class hierarchy updated for 'BlueprintGraph' in 0.0007 seconds. Added 116 classes and 0 folders.
[2018.12.24-12.33.13:333][446]LogSlate: Took 0.000311 seconds to synchronously load lazily loaded font '../../../Engine/Content/Slate/Fonts/Roboto-BoldCondensed.ttf' (158K)
[2018.12.24-12.33.13:402][447]LogSlate: Took 0.000252 seconds to synchronously load lazily loaded font '../../../Engine/Content/Slate/Fonts/Roboto-Italic.ttf' (157K)
[2018.12.24-12.33.14:250][516]LogAssetEditorManager: Opening Asset editor for Blueprint /Game/SideScrollerBP/Blueprints/SideScrollerCharacter.SideScrollerCharacter
[2018.12.24-12.39.29:454][ 36]LogAssetEditorManager: Opening Asset editor for Blueprint /Game/Pang3DAssets/Blueprints/GameInfo.GameInfo
[2018.12.24-12.40.42:880][561]LogLinker: Warning: Can't find file '/Game/SideScrollerBP/Blueprints/SideScrollerGameMode'
[2018.12.24-12.40.42:881][561]LogLinker: Warning: Can't find file '/Game/SideScrollerBP/Blueprints/SideScrollerGameMode'
[2018.12.24-12.40.42:881][561]LogUObjectGlobals: Warning: Failed to find object 'Object /Game/SideScrollerBP/Blueprints/SideScrollerGameMode.SideScrollerGameMode_C'
[2018.12.24-12.40.44:071][660]LogAssetEditorManager: Opening Asset editor for LevelScriptBlueprint /Game/Pang3DAssets/Levels/PangLevel.PangLevel:PersistentLevel.PangLevel
[2018.12.24-12.47.52:267][753]LogAssetEditorManager: Opening Asset editor for Blueprint /Game/Pang3DAssets/Blueprints/Laser.Laser
[2018.12.24-12.54.47:671][764]LogAssetEditorManager: Opening Asset editor for Blueprint /Game/Pang3DAssets/Blueprints/Ball.Ball
[2018.12.24-13.07.40:000][ 80]LogSlate: Window 'Ball' being destroyed
[2018.12.24-13.07.40:051][ 80]LogSlate: Window 'Ball' being destroyed
[2018.12.24-13.07.40:133][ 80]LogActorComponent: UnregisterComponent: (/Engine/Transient.EditorFloorComp) Not registered. Aborting.
[2018.12.24-13.07.40:312][ 80]LogActorComponent: UnregisterComponent: (/Engine/Transient.EditorFloorComp) Not registered. Aborting.
[2018.12.24-13.07.40:399][ 80]LogActorComponent: UnregisterComponent: (/Engine/Transient.EditorFloorComp) Not registered. Aborting.
